n
2025-09-17 16:39:56,711 - src.core.trading_system - INFO - Cleaning up resources...
2025-09-17 16:39:56,711 - src.data.market_data - INFO - Market data manager cleanup complete
2025-09-17 16:39:56,718 - src.portfolio.manager - INFO - Portfolio manager cleanup complete
2025-09-17 16:39:56,718 - src.core.trading_system - INFO - Cleanup complete
2025-09-17 16:39:56,718 - __main__ - INFO - System shutdown complete
2025-09-17 16:40:07,100 - __main__ - INFO - Starting Kelly Trading System in automated mode
2025-09-17 16:40:07,274 - src.prediction.algorithms.base_algorithm.LSTM Neural Network - ERROR - Error loading LSTM model: Could not deserialize 'keras.metrics.mse' because it is not a KerasSaveable subclass
2025-09-17 16:40:07,306 - src.prediction.algorithms.base_algorithm.Linear Regression - INFO - Regression models loaded from disk
2025-09-17 16:40:07,306 - src.prediction.predictor - INFO - Initialized 5 algorithms: ['sma', 'rsi', 'rf', 'lstm', 'regression']
2025-09-17 16:40:07,306 - src.core.trading_system - INFO - Starting trading system in automated mode
2025-09-17 16:40:07,306 - src.core.trading_system - INFO - Initializing system components...
2025-09-17 16:40:07,306 - src.data.market_data - INFO - Initializing market data manager...
2025-09-17 16:40:07,319 - src.data.market_data - INFO - Market data manager initialized
2025-09-17 16:40:07,321 - src.prediction.predictor - INFO - Initializing prediction engine...
2025-09-17 16:40:07,322 - src.prediction.predictor - INFO - Loaded algorithm weights: {'sma': 0.2, 'rsi': 0.2, 'rf': 0.2, 'lstm': 0.2, 'regression': 0.2}
2025-09-17 16:40:07,322 - src.prediction.predictor - INFO - Prediction engine initialized
2025-09-17 16:40:07,322 - src.portfolio.manager - INFO - Initializing portfolio manager...
2025-09-17 16:40:07,331 - src.portfolio.manager - INFO - Loaded portfolio state: $4169.75 cash, 9 active bets
2025-09-17 16:40:07,331 - src.portfolio.manager - INFO - Portfolio initialized: $4169.75 cash, 9 active bets
2025-09-17 16:40:07,331 - src.risk.manager - INFO - Initializing risk management system...
2025-09-17 16:40:07,335 - src.risk.manager - INFO - Risk management initialized - Status: active
2025-09-17 16:40:07,337 - src.core.trading_system - INFO - All components initialized successfully
2025-09-17 16:40:07,337 - src.core.trading_system - INFO - Checking existing bets for threshold triggers...
2025-09-17 16:40:07,339 - src.portfolio.manager - INFO - Retrieved 9 alive bets for monitoring
2025-09-17 16:40:07,339 - src.core.trading_system - INFO - Monitoring 9 active positions
2025-09-17 16:40:07,353 - src.data.market_data - INFO - Extending history for PG - fetching 7 days
2025-09-17 16:40:11,658 - src.data.market_data - INFO - Fetched 35 records for PG from API
2025-09-17 16:40:11,707 - src.data.market_data - INFO - Extending history for BAC - fetching 7 days
2025-09-17 16:40:11,974 - src.data.market_data - INFO - Fetched 35 records for BAC from API
2025-09-17 16:40:12,007 - src.data.market_data - INFO - Extending history for PM - fetching 7 days
2025-09-17 16:40:12,259 - src.data.market_data - INFO - Fetched 35 records for PM from API
2025-09-17 16:40:12,305 - src.data.market_data - INFO - Extending history for MDLZ - fetching 7 days
2025-09-17 16:40:12,447 - src.data.market_data - INFO - Fetched 35 records for MDLZ from API
2025-09-17 16:40:12,495 - src.data.market_data - INFO - Extending history for T - fetching 7 days
2025-09-17 16:40:12,628 - src.data.market_data - INFO - Fetched 35 records for T from API
2025-09-17 16:40:12,684 - src.data.market_data - INFO - Extending history for JNJ - fetching 7 days
2025-09-17 16:40:12,826 - src.data.market_data - INFO - Fetched 35 records for JNJ from API
2025-09-17 16:40:12,859 - src.data.market_data - INFO - Extending history for WFC - fetching 7 days
2025-09-17 16:40:13,000 - src.data.market_data - INFO - Fetched 35 records for WFC from API
2025-09-17 16:40:13,064 - src.data.market_data - INFO - Extending history for NVDA - fetching 7 days
2025-09-17 16:40:13,220 - src.data.market_data - INFO - Fetched 35 records for NVDA from API
2025-09-17 16:40:13,268 - src.data.market_data - INFO - Extending history for PLD - fetching 7 days
2025-09-17 16:40:13,393 - src.data.market_data - INFO - Fetched 35 records for PLD from API
2025-09-17 16:40:13,430 - src.core.trading_system - INFO - Fetching market data and generating predictions...
2025-09-17 16:40:13,430 - src.utils.asset_selector - INFO - Selected 141 assets (91 stocks, 50 crypto)
2025-09-17 16:40:13,430 - src.data.market_data - INFO - Fetching data for 141 assets
2025-09-17 16:40:13,440 - src.data.market_data - INFO - Extending history for AAPL - fetching 7 days
2025-09-17 16:40:13,456 - src.data.market_data - INFO - Extending history for MSFT - fetching 7 days
2025-09-17 16:40:13,471 - src.data.market_data - INFO - Extending history for AMZN - fetching 7 days
2025-09-17 16:40:13,487 - src.data.market_data - INFO - Extending history for NVDA - fetching 7 days
2025-09-17 16:40:13,534 - src.data.market_data - INFO - Extending history for GOOGL - fetching 7 days
2025-09-17 16:40:13,534 - src.data.market_data - INFO - Extending history for TSLA - fetching 7 days
2025-09-17 16:40:13,550 - src.data.market_data - INFO - Extending history for GOOG - fetching 7 days
2025-09-17 16:40:13,565 - src.data.market_data - INFO - Extending history for BRK-B - fetching 7 days
2025-09-17 16:40:13,581 - src.data.market_data - INFO - Extending history for META - fetching 7 days
2025-09-17 16:40:13,582 - src.data.market_data - INFO - Extending history for UNH - fetching 7 days
2025-09-17 16:40:13,582 - src.data.market_data - INFO - Fetched 35 records for NVDA from API
2025-09-17 16:40:13,662 - src.data.market_data - INFO - Fetched 35 records for MSFT from API
2025-09-17 16:40:13,867 - src.data.market_data - INFO - Fetched 35 records for AMZN from API
2025-09-17 16:40:13,914 - src.data.market_data - INFO - Fetched 35 records for AAPL from API
2025-09-17 16:40:13,962 - src.data.market_data - INFO - Fetched 35 records for GOOGL from API
2025-09-17 16:40:13,994 - src.data.market_data - INFO - Fetched 35 records for TSLA from API
2025-09-17 16:40:14,042 - src.data.market_data - INFO - Fetched 35 records for META from API
2025-09-17 16:40:14,073 - src.data.market_data - INFO - Fetched 35 records for BRK-B from API
2025-09-17 16:40:14,120 - src.data.market_data - INFO - Fetched 35 records for UNH from API
2025-09-17 16:40:14,151 - src.data.market_data - INFO - Fetched 35 records for GOOG from API
2025-09-17 16:40:15,210 - src.data.market_data - INFO - Extending history for XOM - fetching 7 days
2025-09-17 16:40:15,234 - src.data.market_data - INFO - Extending history for LLY - fetching 7 days
2025-09-17 16:40:15,241 - src.data.market_data - INFO - Extending history for JPM - fetching 7 days
2025-09-17 16:40:15,257 - src.data.market_data - INFO - Extending history for JNJ - fetching 7 days
2025-09-17 16:40:15,288 - src.data.market_data - INFO - Extending history for V - fetching 7 days
2025-09-17 16:40:15,288 - src.data.market_data - INFO - Extending history for PG - fetching 7 days
2025-09-17 16:40:15,304 - src.data.market_data - INFO - Extending history for MA - fetching 7 days
2025-09-17 16:40:15,320 - src.data.market_data - INFO - Extending history for HD - fetching 7 days
2025-09-17 16:40:15,336 - src.data.market_data - INFO - Extending history for CVX - fetching 7 days
2025-09-17 16:40:15,336 - src.data.market_data - INFO - Extending history for MRK - fetching 7 days
2025-09-17 16:40:15,352 - src.data.market_data - INFO - Fetched 35 records for JNJ from API
2025-09-17 16:40:15,383 - src.data.market_data - INFO - Fetched 35 records for PG from API
2025-09-17 16:40:15,572 - src.data.market_data - INFO - Fetched 35 records for XOM from API
2025-09-17 16:40:15,634 - src.data.market_data - INFO - Fetched 35 records for V from API
2025-09-17 16:40:15,667 - src.data.market_data - INFO - Fetched 35 records for LLY from API
2025-09-17 16:40:15,697 - src.data.market_data - INFO - Fetched 35 records for HD from API
2025-09-17 16:40:15,734 - src.data.market_data - INFO - Fetched 35 records for CVX from API
2025-09-17 16:40:15,776 - src.data.market_data - INFO - Fetched 35 records for JPM from API
2025-09-17 16:40:15,807 - src.data.market_data - INFO - Fetched 35 records for MA from API
2025-09-17 16:40:15,839 - src.data.market_data - INFO - Fetched 35 records for MRK from API
2025-09-17 16:40:16,878 - src.data.market_data - INFO - Extending history for ABBV - fetching 7 days
2025-09-17 16:40:16,892 - src.data.market_data - INFO - Extending history for PEP - fetching 7 days
2025-09-17 16:40:16,893 - src.data.market_data - INFO - Extending history for KO - fetching 7 days
2025-09-17 16:40:16,907 - src.data.market_data - INFO - Extending history for AVGO - fetching 7 days
2025-09-17 16:40:16,908 - src.data.market_data - INFO - Extending history for PFE - fetching 7 days
2025-09-17 16:40:16,908 - src.data.market_data - INFO - Extending history for TMO - fetching 7 days
2025-09-17 16:40:16,924 - src.data.market_data - INFO - Extending history for COST - fetching 7 days
2025-09-17 16:40:16,924 - src.data.market_data - INFO - Extending history for WMT - fetching 7 days
2025-09-17 16:40:16,939 - src.data.market_data - INFO - Extending history for BAC - fetching 7 days
2025-09-17 16:40:16,955 - src.data.market_data - INFO - Extending history for CRM - fetching 7 days
2025-09-17 16:40:16,955 - src.data.market_data - INFO - Fetched 35 records for BAC from API
2025-09-17 16:40:16,987 - src.data.market_data - INFO - Fetched 35 records for KO from API
2025-09-17 16:40:17,080 - src.data.market_data - INFO - Fetched 35 records for PFE from API
2025-09-17 16:40:17,128 - src.data.market_data - INFO - Fetched 35 records for WMT from API
2025-09-17 16:40:17,159 - src.data.market_data - INFO - Fetched 35 records for TMO from API
2025-09-17 16:40:17,174 - src.data.market_data - INFO - Fetched 35 records for COST from API
2025-09-17 16:40:17,206 - src.data.market_data - INFO - Fetched 35 records for AVGO from API
2025-09-17 16:40:17,238 - src.data.market_data - INFO - Fetched 35 records for ABBV from API
2025-09-17 16:40:17,254 - src.data.market_data - INFO - Fetched 35 records for CRM from API
2025-09-17 16:40:17,285 - src.data.market_data - INFO - Fetched 35 records for PEP from API
2025-09-17 16:40:18,309 - src.data.market_data - INFO - Extending history for ABT - fetching 7 days
2025-09-17 16:40:18,309 - src.data.market_data - INFO - Extending history for LIN - fetching 7 days
2025-09-17 16:40:18,324 - src.data.market_data - INFO - Extending history for CSCO - fetching 7 days
2025-09-17 16:40:18,324 - src.data.market_data - INFO - Extending history for DIS - fetching 7 days
2025-09-17 16:40:18,341 - src.data.market_data - INFO - Extending history for ACN - fetching 7 days
2025-09-17 16:40:18,341 - src.data.market_data - INFO - Extending history for DHR - fetching 7 days
2025-09-17 16:40:18,341 - src.data.market_data - INFO - Extending history for TXN - fetching 7 days
2025-09-17 16:40:18,356 - src.data.market_data - INFO - Extending history for VZ - fetching 7 days
2025-09-17 16:40:18,356 - src.data.market_data - INFO - Extending history for WFC - fetching 7 days
2025-09-17 16:40:18,372 - src.data.market_data - INFO - Extending history for ADBE - fetching 7 days
2025-09-17 16:40:18,372 - src.data.market_data - INFO - Fetched 35 records for WFC from API
2025-09-17 16:40:18,467 - src.data.market_data - INFO - Fetched 35 records for ABT from API
2025-09-17 16:40:18,498 - src.data.market_data - INFO - Fetched 35 records for LIN from API
2025-09-17 16:40:18,514 - src.data.market_data - INFO - Fetched 35 records for DIS from API
2025-09-17 16:40:18,563 - src.data.market_data - INFO - Fetched 35 records for CSCO from API
2025-09-17 16:40:18,577 - src.data.market_data - INFO - Fetched 35 records for DHR from API
2025-09-17 16:40:18,608 - src.data.market_data - INFO - Fetched 35 records for TXN from API
2025-09-17 16:40:18,624 - src.data.market_data - INFO - Fetched 35 records for VZ from API
2025-09-17 16:40:18,656 - src.data.market_data - INFO - Fetched 35 records for ACN from API
2025-09-17 16:40:18,687 - src.data.market_data - INFO - Fetched 35 records for ADBE from API
2025-09-17 16:40:19,725 - src.data.market_data - INFO - Extending history for NEE - fetching 7 days
2025-09-17 16:40:19,725 - src.data.market_data - INFO - Extending history for ORCL - fetching 7 days
2025-09-17 16:40:19,744 - src.data.market_data - INFO - Extending history for BMY - fetching 7 days
2025-09-17 16:40:19,744 - src.data.market_data - INFO - Extending history for PM - fetching 7 days
2025-09-17 16:40:19,758 - src.data.market_data - INFO - Extending history for RTX - fetching 7 days
2025-09-17 16:40:19,773 - src.data.market_data - INFO - Extending history for T - fetching 7 days
2025-09-17 16:40:19,789 - src.data.market_data - INFO - Extending history for CMCSA - fetching 7 days
2025-09-17 16:40:19,789 - src.data.market_data - INFO - Extending history for COP - fetching 7 days
2025-09-17 16:40:19,805 - src.data.market_data - INFO - Extending history for NFLX - fetching 7 days
2025-09-17 16:40:19,805 - src.data.market_data - INFO - Extending history for AMD - fetching 7 days
2025-09-17 16:40:19,805 - src.data.market_data - INFO - Fetched 35 records for PM from API
2025-09-17 16:40:19,852 - src.data.market_data - INFO - Fetched 35 records for T from API
2025-09-17 16:40:19,915 - src.data.market_data - INFO - Fetched 35 records for NEE from API
2025-09-17 16:40:19,961 - src.data.market_data - INFO - Fetched 35 records for ORCL from API
2025-09-17 16:40:19,993 - src.data.market_data - INFO - Fetched 35 records for BMY from API
2025-09-17 16:40:20,008 - src.data.market_data - INFO - Fetched 35 records for COP from API
2025-09-17 16:40:20,045 - src.data.market_data - INFO - Fetched 35 records for CMCSA from API
2025-09-17 16:40:20,072 - src.data.market_data - INFO - Fetched 35 records for AMD from API
2025-09-17 16:40:20,103 - src.data.market_data - INFO - Fetched 35 records for NFLX from API
2025-09-17 16:40:20,118 - src.data.market_data - INFO - Fetched 35 records for RTX from API
2025-09-17 16:40:21,156 - src.data.market_data - INFO - Extending history for LOW - fetching 7 days
2025-09-17 16:40:21,156 - src.data.market_data - INFO - Extending history for HON - fetching 7 days
2025-09-17 16:40:21,173 - src.data.market_data - INFO - Extending history for AMGN - fetching 7 days
2025-09-17 16:40:21,173 - src.data.market_data - INFO - Extending history for UPS - fetching 7 days
2025-09-17 16:40:21,188 - src.data.market_data - INFO - Extending history for IBM - fetching 7 days
2025-09-17 16:40:21,188 - src.data.market_data - INFO - Extending history for BA - fetching 7 days
2025-09-17 16:40:21,188 - src.data.market_data - INFO - Extending history for GS - fetching 7 days
2025-09-17 16:40:21,203 - src.data.market_data - INFO - Extending history for SPGI - fetching 7 days
2025-09-17 16:40:21,203 - src.data.market_data - INFO - Extending history for DE - fetching 7 days
2025-09-17 16:40:21,219 - src.data.market_data - INFO - Extending history for BKNG - fetching 7 days
2025-09-17 16:40:21,282 - src.data.market_data - INFO - Fetched 35 records for LOW from API
2025-09-17 16:40:21,347 - src.data.market_data - INFO - Fetched 35 records for HON from API
2025-09-17 16:40:21,392 - src.data.market_data - INFO - Fetched 35 records for IBM from API
2025-09-17 16:40:21,408 - src.data.market_data - INFO - Fetched 35 records for SPGI from API
2025-09-17 16:40:21,439 - src.data.market_data - INFO - Fetched 35 records for BA from API
2025-09-17 16:40:21,455 - src.data.market_data - INFO - Fetched 35 records for AMGN from API
2025-09-17 16:40:21,487 - src.data.market_data - INFO - Fetched 35 records for UPS from API
2025-09-17 16:40:21,535 - src.data.market_data - INFO - Fetched 35 records for DE from API
2025-09-17 16:40:21,550 - src.data.market_data - INFO - Fetched 35 records for GS from API
2025-09-17 16:40:21,581 - src.data.market_data - INFO - Fetched 35 records for BKNG from API
2025-09-17 16:40:22,618 - src.data.market_data - INFO - Extending history for BLK - fetching 7 days
2025-09-17 16:40:22,618 - src.data.market_data - INFO - Extending history for ELV - fetching 7 days
2025-09-17 16:40:22,633 - src.data.market_data - INFO - Extending history for CAT - fetching 7 days
2025-09-17 16:40:22,633 - src.data.market_data - INFO - Extending history for MDLZ - fetching 7 days
2025-09-17 16:40:22,652 - src.data.market_data - INFO - Extending history for GILD - fetching 7 days
2025-09-17 16:40:22,665 - src.data.market_data - INFO - Extending history for ADP - fetching 7 days
2025-09-17 16:40:22,665 - src.data.market_data - INFO - Extending history for SYK - fetching 7 days
2025-09-17 16:40:22,665 - src.data.market_data - INFO - Extending history for TJX - fetching 7 days
2025-09-17 16:40:22,680 - src.data.market_data - INFO - Extending history for VRTX - fetching 7 days
2025-09-17 16:40:22,680 - src.data.market_data - INFO - Extending history for AXP - fetching 7 days
2025-09-17 16:40:22,680 - src.data.market_data - INFO - Fetched 35 records for MDLZ from API
2025-09-17 16:40:22,743 - src.data.market_data - INFO - Fetched 35 records for CAT from API
2025-09-17 16:40:22,775 - src.data.market_data - INFO - Fetched 35 records for BLK from API
2025-09-17 16:40:22,837 - src.data.market_data - INFO - Fetched 35 records for SYK from API
2025-09-17 16:40:22,854 - src.data.market_data - INFO - Fetched 35 records for GILD from API
2025-09-17 16:40:22,885 - src.data.market_data - INFO - Fetched 35 records for TJX from API
2025-09-17 16:40:22,917 - src.data.market_data - INFO - Fetched 35 records for ADP from API
2025-09-17 16:40:22,952 - src.data.market_data - INFO - Fetched 35 records for VRTX from API
2025-09-17 16:40:22,965 - src.data.market_data - INFO - Fetched 35 records for ELV from API
2025-09-17 16:40:23,042 - src.data.market_data - INFO - Fetched 35 records for AXP from API
2025-09-17 16:40:24,083 - src.data.market_data - INFO - Extending history for ADI - fetching 7 days
2025-09-17 16:40:24,083 - src.data.market_data - INFO - Extending history for CVS - fetching 7 days
2025-09-17 16:40:24,099 - src.data.market_data - INFO - Extending history for SCHW - fetching 7 days
2025-09-17 16:40:24,099 - src.data.market_data - INFO - Extending history for MU - fetching 7 days
2025-09-17 16:40:24,114 - src.data.market_data - INFO - Extending history for LRCX - fetching 7 days
2025-09-17 16:40:24,119 - src.data.market_data - INFO - Extending history for PLD - fetching 7 days
2025-09-17 16:40:24,119 - src.data.market_data - INFO - Extending history for ISRG - fetching 7 days
2025-09-17 16:40:24,130 - src.data.market_data - INFO - Extending history for SO - fetching 7 days
2025-09-17 16:40:24,130 - src.data.market_data - INFO - Extending history for TMUS - fetching 7 days
2025-09-17 16:40:24,146 - src.data.market_data - INFO - Extending history for ZTS - fetching 7 days
2025-09-17 16:40:24,193 - src.data.market_data - INFO - Fetched 35 records for CVS from API
2025-09-17 16:40:24,241 - src.data.market_data - INFO - Fetched 35 records for SCHW from API
2025-09-17 16:40:24,304 - src.data.market_data - INFO - Fetched 35 records for ADI from API
2025-09-17 16:40:24,335 - src.data.market_data - INFO - Fetched 35 records for TMUS from API
2025-09-17 16:40:24,368 - src.data.market_data - INFO - Fetched 35 records for LRCX from API
2025-09-17 16:40:24,398 - src.data.market_data - INFO - Fetched 35 records for ISRG from API
2025-09-17 16:40:24,414 - src.data.market_data - INFO - Fetched 35 records for ZTS from API
2025-09-17 16:40:24,446 - src.data.market_data - INFO - Fetched 35 records for SO from API
2025-09-17 16:40:24,462 - src.data.market_data - INFO - Fetched 35 records for PLD from API
2025-09-17 16:40:24,493 - src.data.market_data - INFO - Fetched 35 records for MU from API
2025-09-17 16:40:25,515 - src.data.market_data - INFO - Extending history for REGN - fetching 7 days
2025-09-17 16:40:25,531 - src.data.market_data - INFO - Extending history for NOW - fetching 7 days
2025-09-17 16:40:25,531 - src.data.market_data - INFO - Extending history for CB - fetching 7 days
2025-09-17 16:40:25,531 - src.data.market_data - INFO - Extending history for MMC - fetching 7 days
2025-09-17 16:40:25,546 - src.data.market_data - INFO - Extending history for FDX - fetching 7 days
2025-09-17 16:40:25,553 - src.data.market_data - INFO - Extending history for EOG - fetching 7 days
2025-09-17 16:40:25,562 - src.data.market_data - INFO - Extending history for MO - fetching 7 days
2025-09-17 16:40:25,562 - src.data.market_data - INFO - Extending history for ETN - fetching 7 days
2025-09-17 16:40:25,562 - src.data.market_data - INFO - Extending history for BSX - fetching 7 days
2025-09-17 16:40:25,578 - src.data.market_data - INFO - Extending history for DUK - fetching 7 days
2025-09-17 16:40:25,640 - src.data.market_data - INFO - Fetched 35 records for MMC from API
2025-09-17 16:40:25,719 - src.data.market_data - INFO - Fetched 35 records for FDX from API
2025-09-17 16:40:25,750 - src.data.market_data - INFO - Fetched 35 records for CB from API
2025-09-17 16:40:25,766 - src.data.market_data - INFO - Fetched 35 records for MO from API
2025-09-17 16:40:25,797 - src.data.market_data - INFO - Fetched 35 records for REGN from API
2025-09-17 16:40:25,814 - src.data.market_data - INFO - Fetched 35 records for EOG from API
2025-09-17 16:40:25,849 - src.data.market_data - INFO - Fetched 35 records for ETN from API
2025-09-17 16:40:25,876 - src.data.market_data - INFO - Fetched 35 records for BSX from API
2025-09-17 16:40:25,907 - src.data.market_data - INFO - Fetched 35 records for NOW from API
2025-09-17 16:40:25,938 - src.data.market_data - INFO - Fetched 35 records for DUK from API
2025-09-17 16:40:26,961 - src.data.market_data - INFO - Extending history for ITW - fetching 7 days
2025-09-17 16:40:27,103 - src.data.market_data - INFO - Fetched 35 records for ITW from API
2025-09-17 16:40:27,135 - src.data.market_data - INFO - Retrieved data for 91 assets
2025-09-17 16:40:27,135 - src.prediction.predictor - INFO - Generating predictions for 91 assets
2025-09-17 16:40:27,135 - src.prediction.predictor - INFO - Auto-training 2 untrained models...
2025-09-17 16:40:27,135 - src.prediction.predictor - INFO - Adding AAPL (90 records) for training
2025-09-17 16:40:27,135 - src.prediction.predictor - INFO - Adding MSFT (90 records) for training
2025-09-17 16:40:27,135 - src.prediction.predictor - INFO - Adding GOOGL (90 records) for training
2025-09-17 16:40:27,135 - src.prediction.predictor - INFO - Adding NVDA (90 records) for training
2025-09-17 16:40:27,135 - src.prediction.predictor - INFO - Adding TSLA (90 records) for training
2025-09-17 16:40:27,135 - src.prediction.predictor - INFO - Training rf model...
2025-09-17 16:40:27,135 - src.prediction.algorithms.base_algorithm.Random Forest - INFO - Training Random Forest model...
2025-09-17 16:40:27,276 - src.prediction.algorithms.base_algorithm.Random Forest - INFO - Random Forest training complete - Train accuracy: 0.997, Test accuracy: 0.977
2025-09-17 16:40:27,292 - src.prediction.algorithms.base_algorithm.Random Forest - INFO - Model saved to models\random_forest\rf_model.joblib
2025-09-17 16:40:27,292 - src.prediction.predictor - INFO - rf model trained successfully
2025-09-17 16:40:27,292 - src.prediction.predictor - INFO - Training lstm model...
2025-09-17 16:40:27,292 - src.prediction.algorithms.base_algorithm.LSTM Neural Network - INFO - Training LSTM model...
2025-09-17 16:40:27,324 - src.prediction.algorithms.base_algorithm.LSTM Neural Network - INFO - Prepared LSTM training data: X shape (365, 60, 13), y shape (365,)
2025-09-17 16:40:27,371 - src.prediction.algorithms.base_algorithm.LSTM Neural Network - INFO - LSTM model built: 21076 parameters
2025-09-17 16:40:50,644 - src.prediction.algorithms.base_algorithm.LSTM Neural Network - INFO - LSTM training complete - Final loss: 0.0437, Val loss: 0.0007
2025-09-17 16:40:50,644 - absl - WARNING - You are saving your model as an HDF5 file via `model.save()` or `keras.saving.save_model(model)`. This file format is considered legacy. We recommend using instead the native Keras format, e.g. `model.save('my_model.keras')` or `keras.saving.save_model(model, 'my_model.keras')`. 
2025-09-17 16:40:50,675 - src.prediction.algorithms.base_algorithm.LSTM Neural Network - INFO - LSTM model saved to models\lstm\lstm_model.h5
2025-09-17 16:40:50,675 - src.prediction.predictor - INFO - lstm model trained successfully
2025-09-17 16:40:50,723 - src.prediction.algorithms.base_algorithm.LSTM Neural Network - ERROR - Error in LSTM prediction: cannot reshape array of size 780 into shape (1,60,60)
2025-09-17 16:40:50,770 - src.prediction.algorithms.base_algorithm.LSTM Neural Network - ERROR - Error in LSTM prediction: cannot reshape array of size 780 into shape (1,60,60)
2025-09-17 16:40:50,817 - src.prediction.algorithms.base_algorithm.LSTM Neural Network - ERROR - Error in LSTM prediction: cannot reshape array of size 780 into shape (1,60,60)
2025-09-17 16:40:50,879 - src.prediction.algorithms.base_algorithm.LSTM Neural Network - ERROR - Error in LSTM prediction: cannot reshape array of size 780 into shape (1,60,60)
2025-09-17 16:40:50,927 - src.prediction.algorithms.base_algorithm.LSTM Neural Network - ERROR - Error in LSTM prediction: cannot reshape array of size 780 into shape (1,60,60)
2025-09-17 16:40:50,974 - src.prediction.algorithms.base_algorithm.LSTM Neural Network - ERROR - Error in LSTM prediction: cannot reshape array of size 780 into shape (1,60,60)
2025-09-17 16:40:51,022 - src.prediction.algorithms.base_algorithm.LSTM Neural Network - ERROR - Error in LSTM prediction: cannot reshape array of size 780 into shape (1,60,60)
2025-09-17 16:40:51,068 - src.prediction.algorithms.base_algorithm.LSTM Neural Network - ERROR - Error in LSTM prediction: cannot reshape array of size 780 into shape (1,60,60)
2025-09-17 16:40:51,116 - src.prediction.algorithms.base_algorithm.LSTM Neural Network - ERROR - Error in LSTM prediction: cannot reshape array of size 780 into shape (1,60,60)
2025-09-17 16:40:51,210 - src.prediction.algorithms.base_algorithm.LSTM Neural Network - ERROR - Error in LSTM prediction: cannot reshape array of size 780 into shape (1,60,60)
2025-09-17 16:40:51,291 - src.prediction.algorithms.base_algorithm.LSTM Neural Network - ERROR - Error in LSTM prediction: cannot reshape array of size 780 into shape (1,60,60)
2025-09-17 16:40:51,336 - src.prediction.algorithms.base_algorithm.LSTM Neural Network - ERROR - Error in LSTM prediction: cannot reshape array of size 780 into shape (1,60,60)
2025-09-17 16:40:51,383 - src.prediction.algorithms.base_algorithm.LSTM Neural Network - ERROR - Error in LSTM prediction: cannot reshape array of size 780 into shape (1,60,60)
2025-09-17 16:40:51,430 - src.prediction.algorithms.base_algorithm.LSTM Neural Network - ERROR - Error in LSTM prediction: cannot reshape array of size 780 into shape (1,60,60)
2025-09-17 16:40:51,477 - src.prediction.algorithms.base_algorithm.LSTM Neural Network - ERROR - Error in LSTM prediction: cannot reshape array of size 780 into shape (1,60,60)
2025-09-17 16:40:51,524 - src.prediction.algorithms.base_algorithm.LSTM Neural Network - ERROR - Error in LSTM prediction: cannot reshape array of size 780 into shape (1,60,60)
2025-09-17 16:40:51,572 - src.prediction.algorithms.base_algorithm.LSTM Neural Network - ERROR - Error in LSTM prediction: cannot reshape array of size 780 into shape (1,60,60)
2025-09-17 16:40:51,619 - src.prediction.algorithms.base_algorithm.LSTM Neural Network - ERROR - Error in LSTM prediction: cannot reshape array of size 780 into shape (1,60,60)
2025-09-17 16:40:51,682 - src.prediction.algorithms.base_algorithm.LSTM Neural Network - ERROR - Error in LSTM prediction: cannot reshape array of size 780 into shape (1,60,60)
2025-09-17 16:40:51,714 - src.prediction.algorithms.base_algorithm.LSTM Neural Network - ERROR - Error in LSTM prediction: cannot reshape array of size 780 into shape (1,60,60)
2025-09-17 16:40:51,762 - src.prediction.algorithms.base_algorithm.LSTM Neural Network - ERROR - Error in LSTM prediction: cannot reshape array of size 780 into shape (1,60,60)
2025-09-17 16:40:51,824 - src.prediction.algorithms.base_algorithm.LSTM Neural Network - ERROR - Error in LSTM prediction: cannot reshape array of size 780 into shape (1,60,60)
2025-09-17 16:40:51,872 - src.prediction.algorithms.base_algorithm.LSTM Neural Network - ERROR - Error in LSTM prediction: cannot reshape array of size 780 into shape (1,60,60)
2025-09-17 16:40:51,919 - src.prediction.algorithms.base_algorithm.LSTM Neural Network - ERROR - Error in LSTM prediction: cannot reshape array of size 780 into shape (1,60,60)
2025-09-17 16:40:51,966 - src.prediction.algorithms.base_algorithm.LSTM Neural Network - ERROR - Error in LSTM prediction: cannot reshape array of size 780 into shape (1,60,60)
2025-09-17 16:40:52,013 - src.prediction.algorithms.base_algorithm.LSTM Neural Network - ERROR - Error in LSTM prediction: cannot reshape array of size 780 into shape (1,60,60)
2025-09-17 16:40:52,060 - src.prediction.algorithms.base_algorithm.LSTM Neural Network - ERROR - Error in LSTM prediction: cannot reshape array of size 780 into shape (1,60,60)
2025-09-17 16:40:52,108 - src.prediction.algorithms.base_algorithm.LSTM Neural Network - ERROR - Error in LSTM prediction: cannot reshape array of size 780 into shape (1,60,60)
2025-09-17 16:40:52,154 - src.prediction.algorithms.base_algorithm.LSTM Neural Network - ERROR - Error in LSTM prediction: cannot reshape array of size 780 into shape (1,60,60)
2025-09-17 16:40:52,202 - src.prediction.algorithms.base_algorithm.LSTM Neural Network - ERROR - Error in LSTM prediction: cannot reshape array of size 780 into shape (1,60,60)
2025-09-17 16:40:52,250 - src.prediction.algorithms.base_algorithm.LSTM Neural Network - ERROR - Error in LSTM prediction: cannot reshape array of size 780 into shape (1,60,60)
2025-09-17 16:40:52,296 - src.prediction.algorithms.base_algorithm.LSTM Neural Network - ERROR - Error in LSTM prediction: cannot reshape array of size 780 into shape (1,60,60)
2025-09-17 16:40:52,343 - src.prediction.algorithms.base_algorithm.LSTM Neural Network - ERROR - Error in LSTM prediction: cannot reshape array of size 780 into shape (1,60,60)
2025-09-17 16:40:52,394 - src.prediction.algorithms.base_algorithm.LSTM Neural Network - ERROR - Error in LSTM prediction: cannot reshape array of size 780 into shape (1,60,60)
2025-09-17 16:40:52,438 - src.prediction.algorithms.base_algorithm.LSTM Neural Network - ERROR - Error in LSTM prediction: cannot reshape array of size 780 into shape (1,60,60)
2025-09-17 16:40:52,501 - src.prediction.algorithms.base_algorithm.LSTM Neural Network - ERROR - Error in LSTM prediction: cannot reshape array of size 780 into shape (1,60,60)
2025-09-17 16:40:52,548 - src.prediction.algorithms.base_algorithm.LSTM Neural Network - ERROR - Error in LSTM prediction: cannot reshape array of size 780 into shape (1,60,60)
2025-09-17 16:40:52,596 - src.prediction.algorithms.base_algorithm.LSTM Neural Network - ERROR - Error in LSTM prediction: cannot reshape array of size 780 into shape (1,60,60)
2025-09-17 16:40:52,643 - src.prediction.algorithms.base_algorithm.LSTM Neural Network - ERROR - Error in LSTM prediction: cannot reshape array of size 780 into shape (1,60,60)
2025-09-17 16:40:52,694 - src.prediction.algorithms.base_algorithm.LSTM Neural Network - ERROR - Error in LSTM prediction: cannot reshape array of size 780 into shape (1,60,60)
2025-09-17 16:40:52,753 - src.prediction.algorithms.base_algorithm.LSTM Neural Network - ERROR - Error in LSTM prediction: cannot reshape array of size 780 into shape (1,60,60)
2025-09-17 16:40:52,801 - src.prediction.algorithms.base_algorithm.LSTM Neural Network - ERROR - Error in LSTM prediction: cannot reshape array of size 780 into shape (1,60,60)
2025-09-17 16:40:52,848 - src.prediction.algorithms.base_algorithm.LSTM Neural Network - ERROR - Error in LSTM prediction: cannot reshape array of size 780 into shape (1,60,60)
2025-09-17 16:40:52,896 - src.prediction.algorithms.base_algorithm.LSTM Neural Network - ERROR - Error in LSTM prediction: cannot reshape array of size 780 into shape (1,60,60)
2025-09-17 16:40:52,958 - src.prediction.algorithms.base_algorithm.LSTM Neural Network - ERROR - Error in LSTM prediction: cannot reshape array of size 780 into shape (1,60,60)
2025-09-17 16:40:53,021 - src.prediction.algorithms.base_algorithm.LSTM Neural Network - ERROR - Error in LSTM prediction: cannot reshape array of size 780 into shape (1,60,60)
2025-09-17 16:40:53,068 - src.prediction.algorithms.base_algorithm.LSTM Neural Network - ERROR - Error in LSTM prediction: cannot reshape array of size 780 into shape (1,60,60)
2025-09-17 16:40:53,132 - src.prediction.algorithms.base_algorithm.LSTM Neural Network - ERROR - Error in LSTM prediction: cannot reshape array of size 780 into shape (1,60,60)
2025-09-17 16:40:53,179 - src.prediction.algorithms.base_algorithm.LSTM Neural Network - ERROR - Error in LSTM prediction: cannot reshape array of size 780 into shape (1,60,60)
2025-09-17 16:40:53,226 - src.prediction.algorithms.base_algorithm.LSTM Neural Network - ERROR - Error in LSTM prediction: cannot reshape array of size 780 into shape (1,60,60)
2025-09-17 16:40:53,273 - src.prediction.algorithms.base_algorithm.LSTM Neural Network - ERROR - Error in LSTM prediction: cannot reshape array of size 780 into shape (1,60,60)
2025-09-17 16:40:53,336 - src.prediction.algorithms.base_algorithm.LSTM Neural Network - ERROR - Error in LSTM prediction: cannot reshape array of size 780 into shape (1,60,60)
2025-09-17 16:40:53,383 - src.prediction.algorithms.base_algorithm.LSTM Neural Network - ERROR - Error in LSTM prediction: cannot reshape array of size 780 into shape (1,60,60)
2025-09-17 16:40:53,431 - src.prediction.algorithms.base_algorithm.LSTM Neural Network - ERROR - Error in LSTM prediction: cannot reshape array of size 780 into shape (1,60,60)
2025-09-17 16:40:53,478 - src.prediction.algorithms.base_algorithm.LSTM Neural Network - ERROR - Error in LSTM prediction: cannot reshape array of size 780 into shape (1,60,60)
2025-09-17 16:40:53,525 - src.prediction.algorithms.base_algorithm.LSTM Neural Network - ERROR - Error in LSTM prediction: cannot reshape array of size 780 into shape (1,60,60)
2025-09-17 16:40:53,572 - src.prediction.algorithms.base_algorithm.LSTM Neural Network - ERROR - Error in LSTM prediction: cannot reshape array of size 780 into shape (1,60,60)
2025-09-17 16:40:53,620 - src.prediction.algorithms.base_algorithm.LSTM Neural Network - ERROR - Error in LSTM prediction: cannot reshape array of size 780 into shape (1,60,60)
2025-09-17 16:40:53,683 - src.prediction.algorithms.base_algorithm.LSTM Neural Network - ERROR - Error in LSTM prediction: cannot reshape array of size 780 into shape (1,60,60)
2025-09-17 16:40:53,715 - src.prediction.algorithms.base_algorithm.LSTM Neural Network - ERROR - Error in LSTM prediction: cannot reshape array of size 780 into shape (1,60,60)
2025-09-17 16:40:53,778 - src.prediction.algorithms.base_algorithm.LSTM Neural Network - ERROR - Error in LSTM prediction: cannot reshape array of size 780 into shape (1,60,60)
2025-09-17 16:40:53,825 - src.prediction.algorithms.base_algorithm.LSTM Neural Network - ERROR - Error in LSTM prediction: cannot reshape array of size 780 into shape (1,60,60)
2025-09-17 16:40:53,874 - src.prediction.algorithms.base_algorithm.LSTM Neural Network - ERROR - Error in LSTM prediction: cannot reshape array of size 780 into shape (1,60,60)
2025-09-17 16:40:53,922 - src.prediction.algorithms.base_algorithm.LSTM Neural Network - ERROR - Error in LSTM prediction: cannot reshape array of size 780 into shape (1,60,60)
2025-09-17 16:40:53,975 - src.prediction.algorithms.base_algorithm.LSTM Neural Network - ERROR - Error in LSTM prediction: cannot reshape array of size 780 into shape (1,60,60)
2025-09-17 16:40:54,007 - src.prediction.algorithms.base_algorithm.LSTM Neural Network - ERROR - Error in LSTM prediction: cannot reshape array of size 780 into shape (1,60,60)
2025-09-17 16:40:54,054 - src.prediction.algorithms.base_algorithm.LSTM Neural Network - ERROR - Error in LSTM prediction: cannot reshape array of size 780 into shape (1,60,60)
2025-09-17 16:40:54,119 - src.prediction.algorithms.base_algorithm.LSTM Neural Network - ERROR - Error in LSTM prediction: cannot reshape array of size 780 into shape (1,60,60)
2025-09-17 16:40:54,165 - src.prediction.algorithms.base_algorithm.LSTM Neural Network - ERROR - Error in LSTM prediction: cannot reshape array of size 780 into shape (1,60,60)
2025-09-17 16:40:54,228 - src.prediction.algorithms.base_algorithm.LSTM Neural Network - ERROR - Error in LSTM prediction: cannot reshape array of size 780 into shape (1,60,60)
2025-09-17 16:40:54,275 - src.prediction.algorithms.base_algorithm.LSTM Neural Network - ERROR - Error in LSTM prediction: cannot reshape array of size 780 into shape (1,60,60)
2025-09-17 16:40:54,323 - src.prediction.algorithms.base_algorithm.LSTM Neural Network - ERROR - Error in LSTM prediction: cannot reshape array of size 780 into shape (1,60,60)
2025-09-17 16:40:54,386 - src.prediction.algorithms.base_algorithm.LSTM Neural Network - ERROR - Error in LSTM prediction: cannot reshape array of size 780 into shape (1,60,60)
2025-09-17 16:40:54,433 - src.prediction.algorithms.base_algorithm.LSTM Neural Network - ERROR - Error in LSTM prediction: cannot reshape array of size 780 into shape (1,60,60)
2025-09-17 16:40:54,480 - src.prediction.algorithms.base_algorithm.LSTM Neural Network - ERROR - Error in LSTM prediction: cannot reshape array of size 780 into shape (1,60,60)
2025-09-17 16:40:54,527 - src.prediction.algorithms.base_algorithm.LSTM Neural Network - ERROR - Error in LSTM prediction: cannot reshape array of size 780 into shape (1,60,60)
2025-09-17 16:40:54,590 - src.prediction.algorithms.base_algorithm.LSTM Neural Network - ERROR - Error in LSTM prediction: cannot reshape array of size 780 into shape (1,60,60)
2025-09-17 16:40:54,637 - src.prediction.algorithms.base_algorithm.LSTM Neural Network - ERROR - Error in LSTM prediction: cannot reshape array of size 780 into shape (1,60,60)
2025-09-17 16:40:54,685 - src.prediction.algorithms.base_algorithm.LSTM Neural Network - ERROR - Error in LSTM prediction: cannot reshape array of size 780 into shape (1,60,60)
2025-09-17 16:40:54,732 - src.prediction.algorithms.base_algorithm.LSTM Neural Network - ERROR - Error in LSTM prediction: cannot reshape array of size 780 into shape (1,60,60)
2025-09-17 16:40:54,779 - src.prediction.algorithms.base_algorithm.LSTM Neural Network - ERROR - Error in LSTM prediction: cannot reshape array of size 780 into shape (1,60,60)
2025-09-17 16:40:54,842 - src.prediction.algorithms.base_algorithm.LSTM Neural Network - ERROR - Error in LSTM prediction: cannot reshape array of size 780 into shape (1,60,60)
2025-09-17 16:40:54,890 - src.prediction.algorithms.base_algorithm.LSTM Neural Network - ERROR - Error in LSTM prediction: cannot reshape array of size 780 into shape (1,60,60)
2025-09-17 16:40:54,937 - src.prediction.algorithms.base_algorithm.LSTM Neural Network - ERROR - Error in LSTM prediction: cannot reshape array of size 780 into shape (1,60,60)
2025-09-17 16:40:55,001 - src.prediction.algorithms.base_algorithm.LSTM Neural Network - ERROR - Error in LSTM prediction: cannot reshape array of size 780 into shape (1,60,60)
2025-09-17 16:40:55,048 - src.prediction.algorithms.base_algorithm.LSTM Neural Network - ERROR - Error in LSTM prediction: cannot reshape array of size 780 into shape (1,60,60)
2025-09-17 16:40:55,097 - src.prediction.algorithms.base_algorithm.LSTM Neural Network - ERROR - Error in LSTM prediction: cannot reshape array of size 780 into shape (1,60,60)
2025-09-17 16:40:55,158 - src.prediction.algorithms.base_algorithm.LSTM Neural Network - ERROR - Error in LSTM prediction: cannot reshape array of size 780 into shape (1,60,60)
2025-09-17 16:40:55,206 - src.prediction.algorithms.base_algorithm.LSTM Neural Network - ERROR - Error in LSTM prediction: cannot reshape array of size 780 into shape (1,60,60)
2025-09-17 16:40:55,269 - src.prediction.algorithms.base_algorithm.LSTM Neural Network - ERROR - Error in LSTM prediction: cannot reshape array of size 780 into shape (1,60,60)
2025-09-17 16:40:55,347 - src.prediction.algorithms.base_algorithm.LSTM Neural Network - ERROR - Error in LSTM prediction: cannot reshape array of size 780 into shape (1,60,60)
2025-09-17 16:40:55,363 - src.prediction.predictor - INFO - Generated 91 asset predictions
2025-09-17 16:40:55,363 - src.core.trading_system - INFO - Generated 91 valid predictions
2025-09-17 16:40:55,378 - src.portfolio.manager - INFO - Retrieved 9 alive bets for monitoring
2025-09-17 16:40:55,378 - src.core.trading_system - INFO - Best opportunity (excluding 9 active bets): MU (STOCK) with 69.28% probability
2025-09-17 16:40:55,378 - src.core.trading_system - INFO - Probability 69.28% >= threshold 60.0%, placing automatic bet
2025-09-17 16:40:55,378 - src.portfolio.manager - INFO - Placing bet for MU at $158.80 with 69.3% probability
2025-09-17 16:40:55,378 - src.kelly.calculator - INFO - Kelly recommendation: $416.98 (10.0% of capital), EV=0.025
2025-09-17 16:40:55,410 - src.portfolio.manager - INFO - Bet placed: 16bda46d-2a63-4c6d-8724-7f53acafe04d - MU $416.98 ($414.89 after $2.08 fee) (2.61 shares at $158.80)
2025-09-17 16:40:55,410 - src.core.trading_system - INFO - Bet placed successfully: 16bda46d-2a63-4c6d-8724-7f53acafe04d
2025-09-17 16:41:08,942 - src.core.trading_system - INFO - Cleaning up resources...
2025-09-17 16:41:08,942 - src.data.market_data - INFO - Market data manager cleanup complete
2025-09-17 16:41:08,957 - src.portfolio.manager - INFO - Portfolio manager cleanup complete
2025-09-17 16:41:08,957 - src.core.trading_system - INFO - Cleanup complete
2025-09-17 16:41:08,957 - __main__ - INFO - System shutdown complete
